{
  message: 'Database is connected successfully',
  level: 'info',
  label: 'PHD',
  timestamp: '2023-07-05T09:52:12.155Z'
}
{
  message: 'Application listening on port 5000',
  level: 'info',
  label: 'PHD',
  timestamp: '2023-07-05T09:52:12.177Z'
}
{
  message: 'Database is connected successfully',
  level: 'info',
  label: 'PHD',
  timestamp: '2023-07-05T09:53:59.734Z'
}
{
  message: 'Application listening on port 5000',
  level: 'info',
  label: 'PHD',
  timestamp: '2023-07-05T09:53:59.758Z'
}
{
  message: 'Database is connected successfully',
  level: 'info',
  label: 'PHD',
  timestamp: '2023-07-05T09:54:04.673Z'
}
{
  message: 'Application listening on port 5000',
  level: 'info',
  label: 'PHD',
  timestamp: '2023-07-05T09:54:04.691Z'
}
{
  message: 'Database is connected successfully',
  level: 'info',
  label: 'PHD',
  timestamp: '2023-07-05T09:54:08.553Z'
}
{
  message: 'Application listening on port 5000',
  level: 'info',
  label: 'PHD',
  timestamp: '2023-07-05T09:54:08.569Z'
}
{
  message: 'Database is connected successfully',
  level: 'info',
  label: 'PHD',
  timestamp: '2023-07-05T09:54:14.730Z'
}
{
  message: 'Application listening on port 5000',
  level: 'info',
  label: 'PHD',
  timestamp: '2023-07-05T09:54:14.747Z'
}
{
  message: 'Database is connected successfully',
  level: 'info',
  label: 'PHD',
  timestamp: '2023-07-05T09:54:21.296Z'
}
{
  message: 'Application listening on port 5000',
  level: 'info',
  label: 'PHD',
  timestamp: '2023-07-05T09:54:21.340Z'
}
{
  message: 'Database is connected successfully',
  level: 'info',
  label: 'PHD',
  timestamp: '2023-07-05T09:54:26.841Z'
}
{
  message: 'Application listening on port 5000',
  level: 'info',
  label: 'PHD',
  timestamp: '2023-07-05T09:54:26.898Z'
}
{
  message: 'Database is connected successfully',
  level: 'info',
  label: 'PHD',
  timestamp: '2023-07-05T09:54:51.870Z'
}
{
  message: 'Application listening on port 5000',
  level: 'info',
  label: 'PHD',
  timestamp: '2023-07-05T09:54:51.890Z'
}
{
  message: 'Database is connected successfully',
  level: 'info',
  label: 'PHD',
  timestamp: '2023-07-05T09:55:00.801Z'
}
{
  message: 'Application listening on port 5000',
  level: 'info',
  label: 'PHD',
  timestamp: '2023-07-05T09:55:00.823Z'
}
{
  message: 'Database is connected successfully',
  level: 'info',
  label: 'PHD',
  timestamp: '2023-07-05T09:55:09.209Z'
}
{
  message: 'Application listening on port 5000',
  level: 'info',
  label: 'PHD',
  timestamp: '2023-07-05T09:55:09.227Z'
}
{
  message: 'Database is connected successfully',
  level: 'info',
  label: 'PHD',
  timestamp: '2023-07-05T09:55:38.070Z'
}
{
  message: 'Application listening on port 5000',
  level: 'info',
  label: 'PHD',
  timestamp: '2023-07-05T09:55:38.109Z'
}
{
  message: 'Database is connected successfully',
  level: 'info',
  label: 'PHD',
  timestamp: '2023-07-05T09:55:48.694Z'
}
{
  message: 'Application listening on port 5000',
  level: 'info',
  label: 'PHD',
  timestamp: '2023-07-05T09:55:48.742Z'
}
{
  message: 'Database is connected successfully',
  level: 'info',
  label: 'PHD',
  timestamp: '2023-07-05T09:56:15.031Z'
}
{
  message: 'Application listening on port 5000',
  level: 'info',
  label: 'PHD',
  timestamp: '2023-07-05T09:56:15.046Z'
}
{
  message: 'Database is connected successfully',
  level: 'info',
  label: 'PHD',
  timestamp: '2023-07-05T09:56:22.081Z'
}
{
  message: 'Application listening on port 5000',
  level: 'info',
  label: 'PHD',
  timestamp: '2023-07-05T09:56:22.101Z'
}
{
  message: 'Database is connected successfully',
  level: 'info',
  label: 'PHD',
  timestamp: '2023-07-05T09:57:24.271Z'
}
{
  message: 'Application listening on port 5000',
  level: 'info',
  label: 'PHD',
  timestamp: '2023-07-05T09:57:24.288Z'
}
{
  message: 'Database is connected successfully',
  level: 'info',
  label: 'PHD',
  timestamp: '2023-07-05T09:58:28.737Z'
}
{
  message: 'Application listening on port 5000',
  level: 'info',
  label: 'PHD',
  timestamp: '2023-07-05T09:58:28.755Z'
}
{
  message: 'Database is connected successfully',
  level: 'info',
  label: 'PHD',
  timestamp: '2023-07-05T09:59:04.319Z'
}
{
  message: 'Application listening on port 5000',
  level: 'info',
  label: 'PHD',
  timestamp: '2023-07-05T09:59:04.351Z'
}
{
  message: 'Database is connected successfully',
  level: 'info',
  label: 'PHD',
  timestamp: '2023-07-05T09:59:31.367Z'
}
{
  message: 'Application listening on port 5000',
  level: 'info',
  label: 'PHD',
  timestamp: '2023-07-05T09:59:31.391Z'
}
