{
  message: 'Database is connected successfully',
  level: 'info',
  label: 'PHD',
  timestamp: '2023-08-14T21:18:33.280Z'
}
{
  message: 'Application listening on port 5000',
  level: 'info',
  label: 'PHD',
  timestamp: '2023-08-14T21:18:33.307Z'
}
{
  message: 'Database is connected successfully',
  level: 'info',
  label: 'PHD',
  timestamp: '2023-08-14T21:19:51.158Z'
}
{
  message: 'Application listening on port 5000',
  level: 'info',
  label: 'PHD',
  timestamp: '2023-08-14T21:19:51.171Z'
}
{
  message: 'Database is connected successfully',
  level: 'info',
  label: 'PHD',
  timestamp: '2023-08-14T21:20:07.175Z'
}
{
  message: 'Application listening on port 5000',
  level: 'info',
  label: 'PHD',
  timestamp: '2023-08-14T21:20:07.186Z'
}
{
  message: 'Database is connected successfully',
  level: 'info',
  label: 'PHD',
  timestamp: '2023-08-14T21:21:19.542Z'
}
{
  message: 'Application listening on port 5000',
  level: 'info',
  label: 'PHD',
  timestamp: '2023-08-14T21:21:19.557Z'
}
{
  message: 'Database is connected successfully',
  level: 'info',
  label: 'PHD',
  timestamp: '2023-08-14T21:21:50.267Z'
}
{
  message: 'Application listening on port 5000',
  level: 'info',
  label: 'PHD',
  timestamp: '2023-08-14T21:21:50.283Z'
}
{
  message: 'Database is connected successfully',
  level: 'info',
  label: 'PHD',
  timestamp: '2023-08-14T21:21:59.216Z'
}
{
  message: 'Application listening on port 5000',
  level: 'info',
  label: 'PHD',
  timestamp: '2023-08-14T21:21:59.227Z'
}
Mon Aug 14 2023 23:22:32 } [PH] info: Database is connected successfully
Mon Aug 14 2023 23:22:32 } [PH] info: Application listening on port 5000
Mon Aug 14 2023 23:22:36 } [PH] info: Database is connected successfully
Mon Aug 14 2023 23:22:36 } [PH] info: Application listening on port 5000
Mon Aug 14 2023 23:25:58 } [PH] info: Database is connected successfully
Mon Aug 14 2023 23:25:58 } [PH] info: Application listening on port 5000
Mon Aug 14 2023 23:26:6 } [PH] info: Database is connected successfully
Mon Aug 14 2023 23:26:6 } [PH] info: Application listening on port 5000
Mon Aug 14 2023 23:30:15 } [PH] info: Database is connected successfully
Mon Aug 14 2023 23:30:15 } [PH] info: Application listening on port 5000
Mon Aug 14 2023 23:33:47 } [PH] info: Database is connected successfully
Mon Aug 14 2023 23:33:47 } [PH] info: Application listening on port 5000
Mon Aug 14 2023 23:41:31 } [PH] info: Database is connected successfully
Mon Aug 14 2023 23:41:31 } [PH] info: Application listening on port 5000
Mon Aug 14 2023 23:41:45 } [PH] info: Database is connected successfully
Mon Aug 14 2023 23:41:45 } [PH] info: Application listening on port 5000
